  Back.cpp
d:\study\programing\seowonseok\과제\10. circuscharlie - 복사본\circuscharlie\bitmap.h(23): warning C4244: '인수': 'float'에서 'int'(으)로 변환하면서 데이터가 손실될 수 있습니다.
d:\study\programing\seowonseok\과제\10. circuscharlie - 복사본\circuscharlie\back.cpp(28): warning C4244: '=': 'DWORD'에서 'float'(으)로 변환하면서 데이터가 손실될 수 있습니다.
d:\study\programing\seowonseok\과제\10. circuscharlie - 복사본\circuscharlie\back.cpp(34): warning C4244: '=': 'DWORD'에서 'float'(으)로 변환하면서 데이터가 손실될 수 있습니다.
d:\study\programing\seowonseok\과제\10. circuscharlie - 복사본\circuscharlie\back.cpp(51): warning C4244: '인수': 'float'에서 'int'(으)로 변환하면서 데이터가 손실될 수 있습니다.
d:\study\programing\seowonseok\과제\10. circuscharlie - 복사본\circuscharlie\back.cpp(71): warning C4244: '인수': 'float'에서 'int'(으)로 변환하면서 데이터가 손실될 수 있습니다.
d:\study\programing\seowonseok\과제\10. circuscharlie - 복사본\circuscharlie\back.cpp(75): warning C4244: '인수': 'float'에서 'int'(으)로 변환하면서 데이터가 손실될 수 있습니다.
d:\study\programing\seowonseok\과제\10. circuscharlie - 복사본\circuscharlie\back.cpp(77): warning C4244: '인수': 'float'에서 'int'(으)로 변환하면서 데이터가 손실될 수 있습니다.
d:\study\programing\seowonseok\과제\10. circuscharlie - 복사본\circuscharlie\back.cpp(79): warning C4267: '인수': 'size_t'에서 'int'(으)로 변환하면서 데이터가 손실될 수 있습니다.
d:\study\programing\seowonseok\과제\10. circuscharlie - 복사본\circuscharlie\back.cpp(79): warning C4244: '인수': 'float'에서 'int'(으)로 변환하면서 데이터가 손실될 수 있습니다.
  Bitmap.cpp
d:\study\programing\seowonseok\과제\10. circuscharlie - 복사본\circuscharlie\bitmap.h(23): warning C4244: '인수': 'float'에서 'int'(으)로 변환하면서 데이터가 손실될 수 있습니다.
  End.cpp
d:\study\programing\seowonseok\과제\10. circuscharlie - 복사본\circuscharlie\bitmap.h(23): warning C4244: '인수': 'float'에서 'int'(으)로 변환하면서 데이터가 손실될 수 있습니다.
d:\study\programing\seowonseok\과제\10. circuscharlie - 복사본\circuscharlie\end.cpp(33): warning C4244: '인수': 'float'에서 'int'(으)로 변환하면서 데이터가 손실될 수 있습니다.
d:\study\programing\seowonseok\과제\10. circuscharlie - 복사본\circuscharlie\end.cpp(38): warning C4244: '=': 'float'에서 'LONG'(으)로 변환하면서 데이터가 손실될 수 있습니다.
d:\study\programing\seowonseok\과제\10. circuscharlie - 복사본\circuscharlie\end.cpp(39): warning C4244: '=': 'float'에서 'LONG'(으)로 변환하면서 데이터가 손실될 수 있습니다.
d:\study\programing\seowonseok\과제\10. circuscharlie - 복사본\circuscharlie\end.cpp(40): warning C4244: '=': 'float'에서 'LONG'(으)로 변환하면서 데이터가 손실될 수 있습니다.
d:\study\programing\seowonseok\과제\10. circuscharlie - 복사본\circuscharlie\end.cpp(41): warning C4244: '=': 'float'에서 'LONG'(으)로 변환하면서 데이터가 손실될 수 있습니다.
  GameManager.cpp
d:\study\programing\seowonseok\과제\10. circuscharlie - 복사본\circuscharlie\bitmap.h(23): warning C4244: '인수': 'float'에서 'int'(으)로 변환하면서 데이터가 손실될 수 있습니다.
d:\study\programing\seowonseok\과제\10. circuscharlie - 복사본\circuscharlie\gamemanager.cpp(118): warning C4267: '인수': 'size_t'에서 'int'(으)로 변환하면서 데이터가 손실될 수 있습니다.
d:\study\programing\seowonseok\과제\10. circuscharlie - 복사본\circuscharlie\gamemanager.cpp(118): warning C4244: '인수': 'float'에서 'int'(으)로 변환하면서 데이터가 손실될 수 있습니다.
d:\study\programing\seowonseok\과제\10. circuscharlie - 복사본\circuscharlie\gamemanager.cpp(121): warning C4244: '=': 'float'에서 'int'(으)로 변환하면서 데이터가 손실될 수 있습니다.
d:\study\programing\seowonseok\과제\10. circuscharlie - 복사본\circuscharlie\gamemanager.cpp(125): warning C4267: '인수': 'size_t'에서 'int'(으)로 변환하면서 데이터가 손실될 수 있습니다.
d:\study\programing\seowonseok\과제\10. circuscharlie - 복사본\circuscharlie\gamemanager.cpp(125): warning C4244: '인수': 'float'에서 'int'(으)로 변환하면서 데이터가 손실될 수 있습니다.
d:\study\programing\seowonseok\과제\10. circuscharlie - 복사본\circuscharlie\gamemanager.cpp(135): warning C4267: '인수': 'size_t'에서 'int'(으)로 변환하면서 데이터가 손실될 수 있습니다.
d:\study\programing\seowonseok\과제\10. circuscharlie - 복사본\circuscharlie\gamemanager.cpp(139): warning C4267: '인수': 'size_t'에서 'int'(으)로 변환하면서 데이터가 손실될 수 있습니다.
d:\study\programing\seowonseok\과제\10. circuscharlie - 복사본\circuscharlie\gamemanager.cpp(143): warning C4267: '인수': 'size_t'에서 'int'(으)로 변환하면서 데이터가 손실될 수 있습니다.
d:\study\programing\seowonseok\과제\10. circuscharlie - 복사본\circuscharlie\gamemanager.cpp(147): warning C4267: '인수': 'size_t'에서 'int'(으)로 변환하면서 데이터가 손실될 수 있습니다.
d:\study\programing\seowonseok\과제\10. circuscharlie - 복사본\circuscharlie\gamemanager.cpp(162): warning C4244: '=': 'DWORD'에서 'float'(으)로 변환하면서 데이터가 손실될 수 있습니다.
d:\study\programing\seowonseok\과제\10. circuscharlie - 복사본\circuscharlie\gamemanager.cpp(177): warning C4244: '=': 'DWORD'에서 'float'(으)로 변환하면서 데이터가 손실될 수 있습니다.
d:\study\programing\seowonseok\과제\10. circuscharlie - 복사본\circuscharlie\gamemanager.cpp(183): warning C4244: '=': 'DWORD'에서 'float'(으)로 변환하면서 데이터가 손실될 수 있습니다.
  Menu.cpp
d:\study\programing\seowonseok\과제\10. circuscharlie - 복사본\circuscharlie\bitmap.h(23): warning C4244: '인수': 'float'에서 'int'(으)로 변환하면서 데이터가 손실될 수 있습니다.
d:\study\programing\seowonseok\과제\10. circuscharlie - 복사본\circuscharlie\menu.cpp(42): warning C4244: '=': 'DWORD'에서 'float'(으)로 변환하면서 데이터가 손실될 수 있습니다.
d:\study\programing\seowonseok\과제\10. circuscharlie - 복사본\circuscharlie\menu.cpp(105): warning C4244: '인수': 'float'에서 'int'(으)로 변환하면서 데이터가 손실될 수 있습니다.
d:\study\programing\seowonseok\과제\10. circuscharlie - 복사본\circuscharlie\menu.cpp(115): warning C4267: '인수': 'size_t'에서 'int'(으)로 변환하면서 데이터가 손실될 수 있습니다.
d:\study\programing\seowonseok\과제\10. circuscharlie - 복사본\circuscharlie\menu.cpp(116): warning C4267: '인수': 'size_t'에서 'int'(으)로 변환하면서 데이터가 손실될 수 있습니다.
d:\study\programing\seowonseok\과제\10. circuscharlie - 복사본\circuscharlie\menu.cpp(117): warning C4267: '인수': 'size_t'에서 'int'(으)로 변환하면서 데이터가 손실될 수 있습니다.
  Object.cpp
d:\study\programing\seowonseok\과제\10. circuscharlie - 복사본\circuscharlie\bitmap.h(23): warning C4244: '인수': 'float'에서 'int'(으)로 변환하면서 데이터가 손실될 수 있습니다.
d:\study\programing\seowonseok\과제\10. circuscharlie - 복사본\circuscharlie\object.cpp(37): warning C4244: '=': 'DWORD'에서 'float'(으)로 변환하면서 데이터가 손실될 수 있습니다.
d:\study\programing\seowonseok\과제\10. circuscharlie - 복사본\circuscharlie\object.cpp(43): warning C4244: '=': 'DWORD'에서 'float'(으)로 변환하면서 데이터가 손실될 수 있습니다.
d:\study\programing\seowonseok\과제\10. circuscharlie - 복사본\circuscharlie\object.cpp(48): warning C4244: '-=': 'float'에서 'LONG'(으)로 변환하면서 데이터가 손실될 수 있습니다.
d:\study\programing\seowonseok\과제\10. circuscharlie - 복사본\circuscharlie\object.cpp(49): warning C4244: '-=': 'float'에서 'LONG'(으)로 변환하면서 데이터가 손실될 수 있습니다.
d:\study\programing\seowonseok\과제\10. circuscharlie - 복사본\circuscharlie\object.cpp(69): warning C4244: '인수': 'float'에서 'int'(으)로 변환하면서 데이터가 손실될 수 있습니다.
d:\study\programing\seowonseok\과제\10. circuscharlie - 복사본\circuscharlie\object.cpp(74): warning C4244: '=': 'float'에서 'LONG'(으)로 변환하면서 데이터가 손실될 수 있습니다.
d:\study\programing\seowonseok\과제\10. circuscharlie - 복사본\circuscharlie\object.cpp(75): warning C4244: '=': 'float'에서 'LONG'(으)로 변환하면서 데이터가 손실될 수 있습니다.
d:\study\programing\seowonseok\과제\10. circuscharlie - 복사본\circuscharlie\object.cpp(76): warning C4244: '=': 'float'에서 'LONG'(으)로 변환하면서 데이터가 손실될 수 있습니다.
d:\study\programing\seowonseok\과제\10. circuscharlie - 복사본\circuscharlie\object.cpp(77): warning C4244: '=': 'float'에서 'LONG'(으)로 변환하면서 데이터가 손실될 수 있습니다.
d:\study\programing\seowonseok\과제\10. circuscharlie - 복사본\circuscharlie\object.cpp(82): warning C4244: '=': 'float'에서 'LONG'(으)로 변환하면서 데이터가 손실될 수 있습니다.
d:\study\programing\seowonseok\과제\10. circuscharlie - 복사본\circuscharlie\object.cpp(83): warning C4244: '=': 'float'에서 'LONG'(으)로 변환하면서 데이터가 손실될 수 있습니다.
d:\study\programing\seowonseok\과제\10. circuscharlie - 복사본\circuscharlie\object.cpp(84): warning C4244: '=': 'float'에서 'LONG'(으)로 변환하면서 데이터가 손실될 수 있습니다.
d:\study\programing\seowonseok\과제\10. circuscharlie - 복사본\circuscharlie\object.cpp(85): warning C4244: '=': 'float'에서 'LONG'(으)로 변환하면서 데이터가 손실될 수 있습니다.
d:\study\programing\seowonseok\과제\10. circuscharlie - 복사본\circuscharlie\object.cpp(104): warning C4244: '=': 'DWORD'에서 'float'(으)로 변환하면서 데이터가 손실될 수 있습니다.
d:\study\programing\seowonseok\과제\10. circuscharlie - 복사본\circuscharlie\object.cpp(110): warning C4244: '=': 'DWORD'에서 'float'(으)로 변환하면서 데이터가 손실될 수 있습니다.
d:\study\programing\seowonseok\과제\10. circuscharlie - 복사본\circuscharlie\object.cpp(130): warning C4244: '인수': 'float'에서 'int'(으)로 변환하면서 데이터가 손실될 수 있습니다.
d:\study\programing\seowonseok\과제\10. circuscharlie - 복사본\circuscharlie\object.cpp(135): warning C4244: '=': 'float'에서 'LONG'(으)로 변환하면서 데이터가 손실될 수 있습니다.
d:\study\programing\seowonseok\과제\10. circuscharlie - 복사본\circuscharlie\object.cpp(136): warning C4244: '=': 'float'에서 'LONG'(으)로 변환하면서 데이터가 손실될 수 있습니다.
d:\study\programing\seowonseok\과제\10. circuscharlie - 복사본\circuscharlie\object.cpp(137): warning C4244: '=': 'float'에서 'LONG'(으)로 변환하면서 데이터가 손실될 수 있습니다.
d:\study\programing\seowonseok\과제\10. circuscharlie - 복사본\circuscharlie\object.cpp(138): warning C4244: '=': 'float'에서 'LONG'(으)로 변환하면서 데이터가 손실될 수 있습니다.
d:\study\programing\seowonseok\과제\10. circuscharlie - 복사본\circuscharlie\object.cpp(143): warning C4244: '=': 'float'에서 'LONG'(으)로 변환하면서 데이터가 손실될 수 있습니다.
d:\study\programing\seowonseok\과제\10. circuscharlie - 복사본\circuscharlie\object.cpp(144): warning C4244: '=': 'float'에서 'LONG'(으)로 변환하면서 데이터가 손실될 수 있습니다.
d:\study\programing\seowonseok\과제\10. circuscharlie - 복사본\circuscharlie\object.cpp(145): warning C4244: '=': 'float'에서 'LONG'(으)로 변환하면서 데이터가 손실될 수 있습니다.
d:\study\programing\seowonseok\과제\10. circuscharlie - 복사본\circuscharlie\object.cpp(146): warning C4244: '=': 'float'에서 'LONG'(으)로 변환하면서 데이터가 손실될 수 있습니다.
  Player.cpp
d:\study\programing\seowonseok\과제\10. circuscharlie - 복사본\circuscharlie\bitmap.h(23): warning C4244: '인수': 'float'에서 'int'(으)로 변환하면서 데이터가 손실될 수 있습니다.
d:\study\programing\seowonseok\과제\10. circuscharlie - 복사본\circuscharlie\player.cpp(45): warning C4244: '=': 'DWORD'에서 'float'(으)로 변환하면서 데이터가 손실될 수 있습니다.
d:\study\programing\seowonseok\과제\10. circuscharlie - 복사본\circuscharlie\player.cpp(59): warning C4244: '=': 'DWORD'에서 'float'(으)로 변환하면서 데이터가 손실될 수 있습니다.
d:\study\programing\seowonseok\과제\10. circuscharlie - 복사본\circuscharlie\player.cpp(116): warning C4244: '인수': 'float'에서 'int'(으)로 변환하면서 데이터가 손실될 수 있습니다.
d:\study\programing\seowonseok\과제\10. circuscharlie - 복사본\circuscharlie\player.cpp(153): warning C4244: '=': 'float'에서 'LONG'(으)로 변환하면서 데이터가 손실될 수 있습니다.
d:\study\programing\seowonseok\과제\10. circuscharlie - 복사본\circuscharlie\player.cpp(154): warning C4244: '=': 'float'에서 'LONG'(으)로 변환하면서 데이터가 손실될 수 있습니다.
d:\study\programing\seowonseok\과제\10. circuscharlie - 복사본\circuscharlie\player.cpp(248): warning C4244: '-=': 'float'에서 'LONG'(으)로 변환하면서 데이터가 손실될 수 있습니다.
d:\study\programing\seowonseok\과제\10. circuscharlie - 복사본\circuscharlie\player.cpp(249): warning C4244: '-=': 'float'에서 'LONG'(으)로 변환하면서 데이터가 손실될 수 있습니다.
d:\study\programing\seowonseok\과제\10. circuscharlie - 복사본\circuscharlie\player.cpp(274): warning C4244: '=': 'float'에서 'LONG'(으)로 변환하면서 데이터가 손실될 수 있습니다.
d:\study\programing\seowonseok\과제\10. circuscharlie - 복사본\circuscharlie\player.cpp(275): warning C4244: '=': 'float'에서 'LONG'(으)로 변환하면서 데이터가 손실될 수 있습니다.
d:\study\programing\seowonseok\과제\10. circuscharlie - 복사본\circuscharlie\player.cpp(291): warning C4244: '=': 'float'에서 'LONG'(으)로 변환하면서 데이터가 손실될 수 있습니다.
d:\study\programing\seowonseok\과제\10. circuscharlie - 복사본\circuscharlie\player.cpp(292): warning C4244: '=': 'float'에서 'LONG'(으)로 변환하면서 데이터가 손실될 수 있습니다.
d:\study\programing\seowonseok\과제\10. circuscharlie - 복사본\circuscharlie\player.cpp(301): warning C4244: '+=': 'float'에서 'LONG'(으)로 변환하면서 데이터가 손실될 수 있습니다.
d:\study\programing\seowonseok\과제\10. circuscharlie - 복사본\circuscharlie\player.cpp(302): warning C4244: '+=': 'float'에서 'LONG'(으)로 변환하면서 데이터가 손실될 수 있습니다.
d:\study\programing\seowonseok\과제\10. circuscharlie - 복사본\circuscharlie\player.cpp(313): warning C4244: '=': 'float'에서 'LONG'(으)로 변환하면서 데이터가 손실될 수 있습니다.
d:\study\programing\seowonseok\과제\10. circuscharlie - 복사본\circuscharlie\player.cpp(314): warning C4244: '=': 'float'에서 'LONG'(으)로 변환하면서 데이터가 손실될 수 있습니다.
d:\study\programing\seowonseok\과제\10. circuscharlie - 복사본\circuscharlie\player.cpp(315): warning C4244: '=': 'float'에서 'LONG'(으)로 변환하면서 데이터가 손실될 수 있습니다.
d:\study\programing\seowonseok\과제\10. circuscharlie - 복사본\circuscharlie\player.cpp(316): warning C4244: '=': 'float'에서 'LONG'(으)로 변환하면서 데이터가 손실될 수 있습니다.
  WinMain.cpp
d:\study\programing\seowonseok\과제\10. circuscharlie - 복사본\circuscharlie\bitmap.h(23): warning C4244: '인수': 'float'에서 'int'(으)로 변환하면서 데이터가 손실될 수 있습니다.
  코드를 생성하고 있습니다...
  CircusCharlie.vcxproj -> D:\Study\Programing\SeoWonSeok\과제\10. CircusCharlie - 복사본\x64\Debug\CircusCharlie.exe
