  HeightMap.cpp
c:\seowonseok\d3dx\heightmap\heightmap.cpp(187): warning C4244: '=': 'unsigned long'에서 'WORD'(으)로 변환하면서 데이터가 손실될 수 있습니다.
c:\seowonseok\d3dx\heightmap\heightmap.cpp(188): warning C4244: '=': 'unsigned long'에서 'WORD'(으)로 변환하면서 데이터가 손실될 수 있습니다.
c:\seowonseok\d3dx\heightmap\heightmap.cpp(189): warning C4244: '=': 'unsigned long'에서 'WORD'(으)로 변환하면서 데이터가 손실될 수 있습니다.
c:\seowonseok\d3dx\heightmap\heightmap.cpp(193): warning C4244: '=': 'unsigned long'에서 'WORD'(으)로 변환하면서 데이터가 손실될 수 있습니다.
c:\seowonseok\d3dx\heightmap\heightmap.cpp(194): warning C4244: '=': 'unsigned long'에서 'WORD'(으)로 변환하면서 데이터가 손실될 수 있습니다.
c:\seowonseok\d3dx\heightmap\heightmap.cpp(195): warning C4244: '=': 'unsigned long'에서 'WORD'(으)로 변환하면서 데이터가 손실될 수 있습니다.
  ZFLog.cpp
c:\seowonseok\d3dx\heightmap\zflog.cpp(10): warning C4996: 'strcpy': This function or variable may be unsafe. Consider using strcpy_s instead. To disable deprecation, use _CRT_SECURE_NO_WARNINGS. See online help for details.
  c:\program files (x86)\windows kits\10\include\10.0.17763.0\ucrt\string.h(133): note: 'strcpy' 선언을 참조하십시오.
c:\seowonseok\d3dx\heightmap\zflog.cpp(64): warning C4996: '_strdate': This function or variable may be unsafe. Consider using _strdate_s instead. To disable deprecation, use _CRT_SECURE_NO_WARNINGS. See online help for details.
  c:\program files (x86)\windows kits\10\include\10.0.17763.0\ucrt\time.h(290): note: '_strdate' 선언을 참조하십시오.
c:\seowonseok\d3dx\heightmap\zflog.cpp(65): warning C4996: '_strtime': This function or variable may be unsafe. Consider using _strtime_s instead. To disable deprecation, use _CRT_SECURE_NO_WARNINGS. See online help for details.
  c:\program files (x86)\windows kits\10\include\10.0.17763.0\ucrt\time.h(306): note: '_strtime' 선언을 참조하십시오.
c:\seowonseok\d3dx\heightmap\zflog.cpp(66): warning C4996: 'vsprintf': This function or variable may be unsafe. Consider using vsprintf_s instead. To disable deprecation, use _CRT_SECURE_NO_WARNINGS. See online help for details.
  c:\program files (x86)\windows kits\10\include\10.0.17763.0\ucrt\stdio.h(1469): note: 'vsprintf' 선언을 참조하십시오.
c:\seowonseok\d3dx\heightmap\zflog.cpp(78): warning C4996: 'fopen': This function or variable may be unsafe. Consider using fopen_s instead. To disable deprecation, use _CRT_SECURE_NO_WARNINGS. See online help for details.
  c:\program files (x86)\windows kits\10\include\10.0.17763.0\ucrt\stdio.h(208): note: 'fopen' 선언을 참조하십시오.
  코드를 생성하고 있습니다...
  LINK : C:\SeoWonSeok\D3DX\HeightMap\Debug\HeightMap.exe을(를) 찾을 수 없거나 마지막 증분 링크에 의해 빌드되지 않았습니다. 전체 링크를 수행하고 있습니다.
  HeightMap.vcxproj -> C:\SeoWonSeok\D3DX\HeightMap\Debug\HeightMap.exe
