f:\강의자료\winapi\winapi_2017\lib\debug\lib.pdb
f:\강의자료\winapi\winapi_2017\lib\debug\lib.idb
f:\강의자료\winapi\winapi_2017\lib\debug\uiobject.obj
f:\강의자료\winapi\winapi_2017\lib\debug\uimanager.obj
f:\강의자료\winapi\winapi_2017\lib\debug\scenemanager.obj
f:\강의자료\winapi\winapi_2017\lib\debug\scene.obj
f:\강의자료\winapi\winapi_2017\lib\debug\resoucesmanager.obj
f:\강의자료\winapi\winapi_2017\lib\debug\point.obj
f:\강의자료\winapi\winapi_2017\lib\debug\label.obj
f:\강의자료\winapi\winapi_2017\lib\debug\inputmanager.obj
f:\강의자료\winapi\winapi_2017\lib\debug\enginemain.obj
f:\강의자료\winapi\winapi_2017\lib\debug\button.obj
f:\강의자료\winapi\winapi_2017\lib\debug\bitmap.obj
f:\강의자료\winapi\winapi_2017\lib\debug\timemanager.obj
c:\users\ogn13\desktop\engine\lib\debug\lib.pdb
c:\users\ogn13\desktop\engine\lib\debug\lib.idb
c:\users\ogn13\desktop\engine\lib\debug\uiobject.obj
c:\users\ogn13\desktop\engine\lib\debug\uimanager.obj
c:\users\ogn13\desktop\engine\lib\debug\timemanager.obj
c:\users\ogn13\desktop\engine\lib\debug\scenemanager.obj
c:\users\ogn13\desktop\engine\lib\debug\scene.obj
c:\users\ogn13\desktop\engine\lib\debug\resoucesmanager.obj
c:\users\ogn13\desktop\engine\lib\debug\point.obj
c:\users\ogn13\desktop\engine\lib\debug\label.obj
c:\users\ogn13\desktop\engine\lib\debug\inputmanager.obj
c:\users\ogn13\desktop\engine\lib\debug\enginemain.obj
c:\users\ogn13\desktop\engine\lib\debug\button.obj
c:\users\ogn13\desktop\engine\lib\debug\bitmap.obj
f:\강의자료\winapi\winapi_2017\debug\lib.lib
c:\users\ogn13\desktop\engine\debug\lib.lib
d:\study\programing\seowonseok\과제\13. everybody's game\engine\lib\debug\bitmap.obj
d:\study\programing\seowonseok\과제\13. everybody's game\engine\lib\debug\button.obj
d:\study\programing\seowonseok\과제\13. everybody's game\engine\lib\debug\enginemain.obj
d:\study\programing\seowonseok\과제\13. everybody's game\engine\lib\debug\inputmanager.obj
d:\study\programing\seowonseok\과제\13. everybody's game\engine\lib\debug\label.obj
d:\study\programing\seowonseok\과제\13. everybody's game\engine\lib\debug\point.obj
d:\study\programing\seowonseok\과제\13. everybody's game\engine\lib\debug\resoucesmanager.obj
d:\study\programing\seowonseok\과제\13. everybody's game\engine\lib\debug\scene.obj
d:\study\programing\seowonseok\과제\13. everybody's game\engine\lib\debug\scenemanager.obj
d:\study\programing\seowonseok\과제\13. everybody's game\engine\lib\debug\timemanager.obj
d:\study\programing\seowonseok\과제\13. everybody's game\engine\lib\debug\uimanager.obj
d:\study\programing\seowonseok\과제\13. everybody's game\engine\lib\debug\uiobject.obj
d:\study\programing\seowonseok\과제\13. everybody's game\engine\lib\debug\lib.idb
d:\study\programing\seowonseok\과제\13. everybody's game\engine\lib\debug\lib.pdb
d:\study\programing\seowonseok\과제\13. everybody's game\engine\debug\lib.pdb
d:\study\programing\seowonseok\과제\13. everybody's game\engine\debug\lib.lib
d:\study\programing\seowonseok\과제\13. everybody's game\engine\lib\debug\lib.tlog\cl.command.1.tlog
d:\study\programing\seowonseok\과제\13. everybody's game\engine\lib\debug\lib.tlog\cl.read.1.tlog
d:\study\programing\seowonseok\과제\13. everybody's game\engine\lib\debug\lib.tlog\cl.write.1.tlog
d:\study\programing\seowonseok\과제\13. everybody's game\engine\lib\debug\lib.tlog\lib-link.read.1.tlog
d:\study\programing\seowonseok\과제\13. everybody's game\engine\lib\debug\lib.tlog\lib-link.write.1.tlog
d:\study\programing\seowonseok\과제\13. everybody's game\engine\lib\debug\lib.tlog\lib.command.1.tlog
