  Player.cpp
d:\study\programing\seowonseok\과제\10. circuscharlie\circuscharlie\bitmap.h(23): warning C4244: '인수': 'float'에서 'int'(으)로 변환하면서 데이터가 손실될 수 있습니다.
d:\study\programing\seowonseok\과제\10. circuscharlie\circuscharlie\player.cpp(45): warning C4244: '=': 'DWORD'에서 'float'(으)로 변환하면서 데이터가 손실될 수 있습니다.
d:\study\programing\seowonseok\과제\10. circuscharlie\circuscharlie\player.cpp(59): warning C4244: '=': 'DWORD'에서 'float'(으)로 변환하면서 데이터가 손실될 수 있습니다.
d:\study\programing\seowonseok\과제\10. circuscharlie\circuscharlie\player.cpp(116): warning C4244: '인수': 'float'에서 'int'(으)로 변환하면서 데이터가 손실될 수 있습니다.
d:\study\programing\seowonseok\과제\10. circuscharlie\circuscharlie\player.cpp(158): warning C4244: '=': 'float'에서 'LONG'(으)로 변환하면서 데이터가 손실될 수 있습니다.
d:\study\programing\seowonseok\과제\10. circuscharlie\circuscharlie\player.cpp(159): warning C4244: '=': 'float'에서 'LONG'(으)로 변환하면서 데이터가 손실될 수 있습니다.
d:\study\programing\seowonseok\과제\10. circuscharlie\circuscharlie\player.cpp(283): warning C4244: '=': 'float'에서 'LONG'(으)로 변환하면서 데이터가 손실될 수 있습니다.
d:\study\programing\seowonseok\과제\10. circuscharlie\circuscharlie\player.cpp(284): warning C4244: '=': 'float'에서 'LONG'(으)로 변환하면서 데이터가 손실될 수 있습니다.
d:\study\programing\seowonseok\과제\10. circuscharlie\circuscharlie\player.cpp(303): warning C4244: '=': 'float'에서 'LONG'(으)로 변환하면서 데이터가 손실될 수 있습니다.
d:\study\programing\seowonseok\과제\10. circuscharlie\circuscharlie\player.cpp(304): warning C4244: '=': 'float'에서 'LONG'(으)로 변환하면서 데이터가 손실될 수 있습니다.
d:\study\programing\seowonseok\과제\10. circuscharlie\circuscharlie\player.cpp(320): warning C4244: '=': 'float'에서 'LONG'(으)로 변환하면서 데이터가 손실될 수 있습니다.
d:\study\programing\seowonseok\과제\10. circuscharlie\circuscharlie\player.cpp(321): warning C4244: '=': 'float'에서 'LONG'(으)로 변환하면서 데이터가 손실될 수 있습니다.
d:\study\programing\seowonseok\과제\10. circuscharlie\circuscharlie\player.cpp(330): warning C4244: '+=': 'float'에서 'LONG'(으)로 변환하면서 데이터가 손실될 수 있습니다.
d:\study\programing\seowonseok\과제\10. circuscharlie\circuscharlie\player.cpp(331): warning C4244: '+=': 'float'에서 'LONG'(으)로 변환하면서 데이터가 손실될 수 있습니다.
d:\study\programing\seowonseok\과제\10. circuscharlie\circuscharlie\player.cpp(342): warning C4244: '=': 'float'에서 'LONG'(으)로 변환하면서 데이터가 손실될 수 있습니다.
d:\study\programing\seowonseok\과제\10. circuscharlie\circuscharlie\player.cpp(343): warning C4244: '=': 'float'에서 'LONG'(으)로 변환하면서 데이터가 손실될 수 있습니다.
d:\study\programing\seowonseok\과제\10. circuscharlie\circuscharlie\player.cpp(344): warning C4244: '=': 'float'에서 'LONG'(으)로 변환하면서 데이터가 손실될 수 있습니다.
d:\study\programing\seowonseok\과제\10. circuscharlie\circuscharlie\player.cpp(345): warning C4244: '=': 'float'에서 'LONG'(으)로 변환하면서 데이터가 손실될 수 있습니다.
  CircusCharlie.vcxproj -> D:\Study\Programing\SeoWonSeok\과제\10. CircusCharlie\x64\Debug\CircusCharlie.exe
